<?xml version="1.0" encoding="UTF-8"?>
<coverage generated="1761006421480" clover="3.2.0">
  <project timestamp="1761006421481" name="All files">
    <metrics statements="76" coveredstatements="64" conditionals="44" coveredconditionals="29" methods="28" coveredmethods="25" elements="148" coveredelements="118" complexity="0" loc="76" ncloc="76" packages="2" files="5" classes="5"/>
    <package name="components">
      <metrics statements="10" coveredstatements="9" conditionals="22" coveredconditionals="19" methods="6" coveredmethods="5"/>
      <file name="TaskForm.tsx" path="Z:\PgmApp\TasksAPI-FrontEnd\src\components\TaskForm.tsx">
        <metrics statements="4" coveredstatements="4" conditionals="10" coveredconditionals="7" methods="3" coveredmethods="3"/>
        <line num="13" count="2" type="stmt"/>
        <line num="15" count="2" type="stmt"/>
        <line num="26" count="1" type="stmt"/>
        <line num="39" count="1" type="stmt"/>
      </file>
      <file name="TaskItem.tsx" path="Z:\PgmApp\TasksAPI-FrontEnd\src\components\TaskItem.tsx">
        <metrics statements="6" coveredstatements="5" conditionals="12" coveredconditionals="12" methods="3" coveredmethods="2"/>
        <line num="13" count="4" type="stmt"/>
        <line num="15" count="4" type="stmt"/>
        <line num="20" count="4" type="stmt"/>
        <line num="22" count="4" type="stmt"/>
        <line num="40" count="0" type="stmt"/>
        <line num="53" count="1" type="stmt"/>
      </file>
    </package>
    <package name="hooks">
      <metrics statements="66" coveredstatements="55" conditionals="22" coveredconditionals="10" methods="22" coveredmethods="20"/>
      <file name="useCreateTask.ts" path="Z:\PgmApp\TasksAPI-FrontEnd\src\hooks\useCreateTask.ts">
        <metrics statements="11" coveredstatements="11" conditionals="0" coveredconditionals="0" methods="2" coveredmethods="2"/>
        <line num="5" count="5" type="stmt"/>
        <line num="6" count="5" type="stmt"/>
        <line num="9" count="2" type="stmt"/>
        <line num="10" count="2" type="stmt"/>
        <line num="11" count="2" type="stmt"/>
        <line num="12" count="2" type="stmt"/>
        <line num="13" count="1" type="stmt"/>
        <line num="15" count="1" type="stmt"/>
        <line num="16" count="1" type="stmt"/>
        <line num="18" count="2" type="stmt"/>
        <line num="22" count="5" type="stmt"/>
      </file>
      <file name="useTask.ts" path="Z:\PgmApp\TasksAPI-FrontEnd\src\hooks\useTask.ts">
        <metrics statements="44" coveredstatements="33" conditionals="18" coveredconditionals="6" methods="14" coveredmethods="12"/>
        <line num="6" count="8" type="stmt"/>
        <line num="7" count="8" type="stmt"/>
        <line num="8" count="8" type="stmt"/>
        <line num="10" count="8" type="stmt"/>
        <line num="11" count="1" type="stmt"/>
        <line num="12" count="1" type="stmt"/>
        <line num="14" count="0" type="stmt"/>
        <line num="18" count="8" type="stmt"/>
        <line num="19" count="3" type="stmt"/>
        <line num="20" count="3" type="stmt"/>
        <line num="21" count="3" type="stmt"/>
        <line num="22" count="3" type="stmt"/>
        <line num="23" count="3" type="stmt"/>
        <line num="24" count="3" type="cond" truecount="2" falsecount="0"/>
        <line num="26" count="3" type="cond" truecount="1" falsecount="1"/>
        <line num="27" count="0" type="stmt"/>
        <line num="28" count="0" type="stmt"/>
        <line num="29" count="0" type="stmt"/>
        <line num="30" count="0" type="cond" truecount="0" falsecount="4"/>
        <line num="31" count="0" type="cond" truecount="0" falsecount="2"/>
        <line num="32" count="0" type="cond" truecount="0" falsecount="2"/>
        <line num="33" count="0" type="stmt"/>
        <line num="37" count="3" type="stmt"/>
        <line num="39" count="0" type="stmt"/>
        <line num="40" count="0" type="cond" truecount="0" falsecount="2"/>
        <line num="42" count="3" type="stmt"/>
        <line num="46" count="8" type="stmt"/>
        <line num="47" count="1" type="cond" truecount="1" falsecount="1"/>
        <line num="48" count="1" type="stmt"/>
        <line num="49" count="1" type="stmt"/>
        <line num="50" count="2" type="stmt"/>
        <line num="51" count="1" type="stmt"/>
        <line num="52" count="1" type="stmt"/>
        <line num="56" count="8" type="stmt"/>
        <line num="57" count="1" type="stmt"/>
        <line num="58" count="1" type="stmt"/>
        <line num="59" count="2" type="cond" truecount="2" falsecount="0"/>
        <line num="61" count="0" type="stmt"/>
        <line num="65" count="8" type="stmt"/>
        <line num="66" count="3" type="stmt"/>
        <line num="67" count="3" type="stmt"/>
        <line num="68" count="3" type="stmt"/>
        <line num="69" count="3" type="stmt"/>
        <line num="72" count="8" type="stmt"/>
      </file>
      <file name="useTaskDnD.ts" path="Z:\PgmApp\TasksAPI-FrontEnd\src\hooks\useTaskDnD.ts">
        <metrics statements="11" coveredstatements="11" conditionals="4" coveredconditionals="4" methods="6" coveredmethods="6"/>
        <line num="13" count="4" type="stmt"/>
        <line num="15" count="4" type="stmt"/>
        <line num="16" count="3" type="stmt"/>
        <line num="17" count="3" type="cond" truecount="4" falsecount="0"/>
        <line num="19" count="1" type="stmt"/>
        <line num="20" count="1" type="stmt"/>
        <line num="21" count="3" type="stmt"/>
        <line num="22" count="1" type="stmt"/>
        <line num="23" count="3" type="stmt"/>
        <line num="24" count="1" type="stmt"/>
        <line num="28" count="4" type="stmt"/>
      </file>
    </package>
  </project>
</coverage>
