<?xml version="1.0" encoding="UTF-8"?>
<coverage generated="1760977194052" clover="3.2.0">
  <project timestamp="1760977194052" name="All files">
    <metrics statements="25" coveredstatements="25" conditionals="16" coveredconditionals="16" methods="9" coveredmethods="9" elements="50" coveredelements="50" complexity="0" loc="25" ncloc="25" packages="2" files="2" classes="2"/>
    <package name="components">
      <metrics statements="10" coveredstatements="10" conditionals="12" coveredconditionals="12" methods="3" coveredmethods="3"/>
      <file name="TaskItem.tsx" path="Z:\PgmApp\TasksAPI-FrontEnd\src\components\TaskItem.tsx">
        <metrics statements="10" coveredstatements="10" conditionals="12" coveredconditionals="12" methods="3" coveredmethods="3"/>
        <line num="1" count="1" type="stmt"/>
        <line num="3" count="1" type="stmt"/>
        <line num="4" count="1" type="stmt"/>
        <line num="12" count="1" type="stmt"/>
        <line num="13" count="5" type="stmt"/>
        <line num="15" count="5" type="stmt"/>
        <line num="20" count="5" type="stmt"/>
        <line num="22" count="5" type="stmt"/>
        <line num="40" count="1" type="stmt"/>
        <line num="53" count="1" type="stmt"/>
      </file>
    </package>
    <package name="hooks">
      <metrics statements="15" coveredstatements="15" conditionals="4" coveredconditionals="4" methods="6" coveredmethods="6"/>
      <file name="useTaskDnD.ts" path="Z:\PgmApp\TasksAPI-FrontEnd\src\hooks\useTaskDnD.ts">
        <metrics statements="15" coveredstatements="15" conditionals="4" coveredconditionals="4" methods="6" coveredmethods="6"/>
        <line num="1" count="1" type="stmt"/>
        <line num="2" count="1" type="stmt"/>
        <line num="3" count="1" type="stmt"/>
        <line num="12" count="1" type="stmt"/>
        <line num="13" count="4" type="stmt"/>
        <line num="15" count="4" type="stmt"/>
        <line num="16" count="3" type="stmt"/>
        <line num="17" count="3" type="cond" truecount="4" falsecount="0"/>
        <line num="19" count="1" type="stmt"/>
        <line num="20" count="1" type="stmt"/>
        <line num="21" count="3" type="stmt"/>
        <line num="22" count="1" type="stmt"/>
        <line num="23" count="3" type="stmt"/>
        <line num="24" count="1" type="stmt"/>
        <line num="28" count="4" type="stmt"/>
      </file>
    </package>
  </project>
</coverage>
