{"Z:\\PgmApp\\TasksAPI-FrontEnd\\src\\components\\TaskForm.tsx": {"path":"Z:\\PgmApp\\TasksAPI-FrontEnd\\src\\components\\TaskForm.tsx","statementMap":{"0":{"start":{"line":13,"column":6},"end":{"line":13,"column":19}},"1":{"start":{"line":15,"column":2},"end":{"line":64,"column":3}},"2":{"start":{"line":26,"column":27},"end":{"line":26,"column":51}},"3":{"start":{"line":39,"column":27},"end":{"line":39,"column":57}}},"fnMap":{"0":{"name":"TaskForm","decl":{"start":{"line":4,"column":24},"end":{"line":4,"column":32}},"loc":{"start":{"line":4,"column":35},"end":{"line":65,"column":1}},"line":4},"1":{"name":"(anonymous_1)","decl":{"start":{"line":26,"column":20},"end":{"line":26,"column":21}},"loc":{"start":{"line":26,"column":27},"end":{"line":26,"column":51}},"line":26},"2":{"name":"(anonymous_2)","decl":{"start":{"line":39,"column":20},"end":{"line":39,"column":21}},"loc":{"start":{"line":39,"column":27},"end":{"line":39,"column":57}},"line":39}},"branchMap":{"0":{"loc":{"start":{"line":44,"column":7},"end":{"line":48,"column":7}},"type":"binary-expr","locations":[{"start":{"line":44,"column":7},"end":{"line":44,"column":12}},{"start":{"line":45,"column":8},"end":{"line":47,"column":14}}],"line":44},"1":{"loc":{"start":{"line":53,"column":20},"end":{"line":53,"column":44}},"type":"binary-expr","locations":[{"start":{"line":53,"column":20},"end":{"line":53,"column":27}},{"start":{"line":53,"column":31},"end":{"line":53,"column":44}}],"line":53},"2":{"loc":{"start":{"line":55,"column":12},"end":{"line":57,"column":60}},"type":"cond-expr","locations":[{"start":{"line":56,"column":16},"end":{"line":56,"column":62}},{"start":{"line":57,"column":16},"end":{"line":57,"column":60}}],"line":55},"3":{"loc":{"start":{"line":55,"column":12},"end":{"line":55,"column":36}},"type":"binary-expr","locations":[{"start":{"line":55,"column":12},"end":{"line":55,"column":19}},{"start":{"line":55,"column":23},"end":{"line":55,"column":36}}],"line":55},"4":{"loc":{"start":{"line":60,"column":11},"end":{"line":60,"column":50}},"type":"cond-expr","locations":[{"start":{"line":60,"column":21},"end":{"line":60,"column":33}},{"start":{"line":60,"column":36},"end":{"line":60,"column":50}}],"line":60}},"s":{"0":2,"1":2,"2":1,"3":1},"f":{"0":2,"1":1,"2":1},"b":{"0":[2,0],"1":[2,2],"2":[2,0],"3":[2,2],"4":[0,2]},"_coverageSchema":"1a1c01bbd47fc00a2c39e90264f33305004495a9","hash":"2998a902f81c493021b17582ef4a8c6fe17abb22"}
,"Z:\\PgmApp\\TasksAPI-FrontEnd\\src\\components\\TaskItem.tsx": {"path":"Z:\\PgmApp\\TasksAPI-FrontEnd\\src\\components\\TaskItem.tsx","statementMap":{"0":{"start":{"line":13,"column":71},"end":{"line":13,"column":99}},"1":{"start":{"line":15,"column":16},"end":{"line":18,"column":3}},"2":{"start":{"line":20,"column":21},"end":{"line":20,"column":87}},"3":{"start":{"line":22,"column":2},"end":{"line":62,"column":3}},"4":{"start":{"line":40,"column":25},"end":{"line":40,"column":59}},"5":{"start":{"line":53,"column":25},"end":{"line":53,"column":42}}},"fnMap":{"0":{"name":"TaskItem","decl":{"start":{"line":12,"column":24},"end":{"line":12,"column":32}},"loc":{"start":{"line":12,"column":78},"end":{"line":63,"column":1}},"line":12},"1":{"name":"(anonymous_1)","decl":{"start":{"line":40,"column":19},"end":{"line":40,"column":20}},"loc":{"start":{"line":40,"column":25},"end":{"line":40,"column":59}},"line":40},"2":{"name":"(anonymous_2)","decl":{"start":{"line":53,"column":19},"end":{"line":53,"column":20}},"loc":{"start":{"line":53,"column":25},"end":{"line":53,"column":42}},"line":53}},"branchMap":{"0":{"loc":{"start":{"line":28,"column":50},"end":{"line":28,"column":100}},"type":"cond-expr","locations":[{"start":{"line":28,"column":67},"end":{"line":28,"column":95}},{"start":{"line":28,"column":98},"end":{"line":28,"column":100}}],"line":28},"1":{"loc":{"start":{"line":31,"column":11},"end":{"line":31,"column":96}},"type":"binary-expr","locations":[{"start":{"line":31,"column":11},"end":{"line":31,"column":27}},{"start":{"line":31,"column":31},"end":{"line":31,"column":96}}],"line":31},"2":{"loc":{"start":{"line":42,"column":12},"end":{"line":44,"column":41}},"type":"cond-expr","locations":[{"start":{"line":43,"column":16},"end":{"line":43,"column":65}},{"start":{"line":44,"column":16},"end":{"line":44,"column":41}}],"line":42},"3":{"loc":{"start":{"line":46,"column":22},"end":{"line":46,"column":92}},"type":"cond-expr","locations":[{"start":{"line":46,"column":39},"end":{"line":46,"column":66}},{"start":{"line":46,"column":69},"end":{"line":46,"column":92}}],"line":46},"4":{"loc":{"start":{"line":47,"column":17},"end":{"line":47,"column":87}},"type":"cond-expr","locations":[{"start":{"line":47,"column":34},"end":{"line":47,"column":61}},{"start":{"line":47,"column":64},"end":{"line":47,"column":87}}],"line":47},"5":{"loc":{"start":{"line":49,"column":11},"end":{"line":49,"column":37}},"type":"cond-expr","locations":[{"start":{"line":49,"column":28},"end":{"line":49,"column":31}},{"start":{"line":49,"column":34},"end":{"line":49,"column":37}}],"line":49}},"s":{"0":4,"1":4,"2":4,"3":4,"4":0,"5":1},"f":{"0":4,"1":0,"2":1},"b":{"0":[1,3],"1":[4,4],"2":[1,3],"3":[1,3],"4":[1,3],"5":[1,3]},"_coverageSchema":"1a1c01bbd47fc00a2c39e90264f33305004495a9","hash":"adff96c3881366839473c8e4bdaab9abe8fe2b84"}
,"Z:\\PgmApp\\TasksAPI-FrontEnd\\src\\hooks\\useCreateTask.ts": {"path":"Z:\\PgmApp\\TasksAPI-FrontEnd\\src\\hooks\\useCreateTask.ts","statementMap":{"0":{"start":{"line":5,"column":32},"end":{"line":5,"column":47}},"1":{"start":{"line":6,"column":28},"end":{"line":6,"column":57}},"2":{"start":{"line":9,"column":4},"end":{"line":9,"column":20}},"3":{"start":{"line":10,"column":4},"end":{"line":10,"column":18}},"4":{"start":{"line":11,"column":4},"end":{"line":19,"column":5}},"5":{"start":{"line":12,"column":6},"end":{"line":12,"column":31}},"6":{"start":{"line":13,"column":6},"end":{"line":13,"column":59}},"7":{"start":{"line":15,"column":6},"end":{"line":15,"column":41}},"8":{"start":{"line":16,"column":6},"end":{"line":16,"column":15}},"9":{"start":{"line":18,"column":6},"end":{"line":18,"column":23}},"10":{"start":{"line":22,"column":2},"end":{"line":22,"column":45}}},"fnMap":{"0":{"name":"useCreateTask","decl":{"start":{"line":4,"column":16},"end":{"line":4,"column":29}},"loc":{"start":{"line":4,"column":32},"end":{"line":23,"column":1}},"line":4},"1":{"name":"handleCreateTask","decl":{"start":{"line":8,"column":17},"end":{"line":8,"column":33}},"loc":{"start":{"line":8,"column":84},"end":{"line":20,"column":3}},"line":8}},"branchMap":{},"s":{"0":5,"1":5,"2":2,"3":2,"4":2,"5":2,"6":1,"7":1,"8":1,"9":2,"10":5},"f":{"0":5,"1":2},"b":{},"_coverageSchema":"1a1c01bbd47fc00a2c39e90264f33305004495a9","hash":"b23d6b3d9df05f5da44dbe5fc8fdbbce1a925e1b"}
,"Z:\\PgmApp\\TasksAPI-FrontEnd\\src\\hooks\\useTask.ts": {"path":"Z:\\PgmApp\\TasksAPI-FrontEnd\\src\\hooks\\useTask.ts","statementMap":{"0":{"start":{"line":6,"column":28},"end":{"line":6,"column":51}},"1":{"start":{"line":7,"column":32},"end":{"line":7,"column":46}},"2":{"start":{"line":8,"column":28},"end":{"line":8,"column":57}},"3":{"start":{"line":10,"column":20},"end":{"line":16,"column":8}},"4":{"start":{"line":11,"column":4},"end":{"line":15,"column":5}},"5":{"start":{"line":12,"column":6},"end":{"line":12,"column":63}},"6":{"start":{"line":14,"column":6},"end":{"line":14,"column":43}},"7":{"start":{"line":18,"column":20},"end":{"line":44,"column":8}},"8":{"start":{"line":19,"column":4},"end":{"line":19,"column":20}},"9":{"start":{"line":20,"column":4},"end":{"line":20,"column":18}},"10":{"start":{"line":21,"column":4},"end":{"line":43,"column":5}},"11":{"start":{"line":22,"column":18},"end":{"line":22,"column":34}},"12":{"start":{"line":23,"column":17},"end":{"line":23,"column":25}},"13":{"start":{"line":24,"column":20},"end":{"line":24,"column":86}},"14":{"start":{"line":26,"column":6},"end":{"line":35,"column":7}},"15":{"start":{"line":27,"column":8},"end":{"line":34,"column":10}},"16":{"start":{"line":28,"column":21},"end":{"line":28,"column":40}},"17":{"start":{"line":29,"column":21},"end":{"line":29,"column":40}},"18":{"start":{"line":30,"column":10},"end":{"line":30,"column":46}},"19":{"start":{"line":30,"column":38},"end":{"line":30,"column":46}},"20":{"start":{"line":31,"column":10},"end":{"line":31,"column":33}},"21":{"start":{"line":31,"column":25},"end":{"line":31,"column":33}},"22":{"start":{"line":32,"column":10},"end":{"line":32,"column":34}},"23":{"start":{"line":32,"column":25},"end":{"line":32,"column":34}},"24":{"start":{"line":33,"column":10},"end":{"line":33,"column":24}},"25":{"start":{"line":37,"column":6},"end":{"line":37,"column":20}},"26":{"start":{"line":39,"column":6},"end":{"line":39,"column":32}},"27":{"start":{"line":40,"column":6},"end":{"line":40,"column":56}},"28":{"start":{"line":42,"column":6},"end":{"line":42,"column":23}},"29":{"start":{"line":46,"column":19},"end":{"line":54,"column":17}},"30":{"start":{"line":47,"column":4},"end":{"line":47,"column":43}},"31":{"start":{"line":47,"column":37},"end":{"line":47,"column":43}},"32":{"start":{"line":48,"column":4},"end":{"line":48,"column":24}},"33":{"start":{"line":49,"column":4},"end":{"line":53,"column":6}},"34":{"start":{"line":50,"column":22},"end":{"line":50,"column":51}},"35":{"start":{"line":50,"column":39},"end":{"line":50,"column":50}},"36":{"start":{"line":51,"column":6},"end":{"line":51,"column":39}},"37":{"start":{"line":51,"column":33},"end":{"line":51,"column":37}},"38":{"start":{"line":52,"column":6},"end":{"line":52,"column":20}},"39":{"start":{"line":56,"column":19},"end":{"line":63,"column":8}},"40":{"start":{"line":57,"column":4},"end":{"line":62,"column":5}},"41":{"start":{"line":58,"column":6},"end":{"line":58,"column":41}},"42":{"start":{"line":59,"column":6},"end":{"line":59,"column":78}},"43":{"start":{"line":59,"column":23},"end":{"line":59,"column":77}},"44":{"start":{"line":59,"column":38},"end":{"line":59,"column":75}},"45":{"start":{"line":61,"column":6},"end":{"line":61,"column":73}},"46":{"start":{"line":65,"column":2},"end":{"line":70,"column":17}},"47":{"start":{"line":66,"column":4},"end":{"line":66,"column":15}},"48":{"start":{"line":67,"column":20},"end":{"line":67,"column":37}},"49":{"start":{"line":67,"column":26},"end":{"line":67,"column":37}},"50":{"start":{"line":68,"column":4},"end":{"line":68,"column":52}},"51":{"start":{"line":69,"column":4},"end":{"line":69,"column":68}},"52":{"start":{"line":69,"column":17},"end":{"line":69,"column":68}},"53":{"start":{"line":72,"column":2},"end":{"line":72,"column":75}}},"fnMap":{"0":{"name":"useTasks","decl":{"start":{"line":5,"column":16},"end":{"line":5,"column":24}},"loc":{"start":{"line":5,"column":27},"end":{"line":73,"column":1}},"line":5},"1":{"name":"(anonymous_1)","decl":{"start":{"line":10,"column":32},"end":{"line":10,"column":33}},"loc":{"start":{"line":10,"column":53},"end":{"line":16,"column":3}},"line":10},"2":{"name":"(anonymous_2)","decl":{"start":{"line":18,"column":32},"end":{"line":18,"column":33}},"loc":{"start":{"line":18,"column":44},"end":{"line":44,"column":3}},"line":18},"3":{"name":"(anonymous_3)","decl":{"start":{"line":27,"column":33},"end":{"line":27,"column":34}},"loc":{"start":{"line":27,"column":43},"end":{"line":34,"column":9}},"line":27},"4":{"name":"(anonymous_4)","decl":{"start":{"line":46,"column":31},"end":{"line":46,"column":32}},"loc":{"start":{"line":46,"column":53},"end":{"line":54,"column":3}},"line":46},"5":{"name":"(anonymous_5)","decl":{"start":{"line":49,"column":13},"end":{"line":49,"column":14}},"loc":{"start":{"line":49,"column":21},"end":{"line":53,"column":5}},"line":49},"6":{"name":"(anonymous_6)","decl":{"start":{"line":50,"column":34},"end":{"line":50,"column":35}},"loc":{"start":{"line":50,"column":39},"end":{"line":50,"column":50}},"line":50},"7":{"name":"(anonymous_7)","decl":{"start":{"line":51,"column":28},"end":{"line":51,"column":29}},"loc":{"start":{"line":51,"column":33},"end":{"line":51,"column":37}},"line":51},"8":{"name":"(anonymous_8)","decl":{"start":{"line":56,"column":31},"end":{"line":56,"column":32}},"loc":{"start":{"line":56,"column":73},"end":{"line":63,"column":3}},"line":56},"9":{"name":"(anonymous_9)","decl":{"start":{"line":59,"column":15},"end":{"line":59,"column":16}},"loc":{"start":{"line":59,"column":23},"end":{"line":59,"column":77}},"line":59},"10":{"name":"(anonymous_10)","decl":{"start":{"line":59,"column":32},"end":{"line":59,"column":33}},"loc":{"start":{"line":59,"column":38},"end":{"line":59,"column":75}},"line":59},"11":{"name":"(anonymous_11)","decl":{"start":{"line":65,"column":12},"end":{"line":65,"column":13}},"loc":{"start":{"line":65,"column":18},"end":{"line":70,"column":3}},"line":65},"12":{"name":"(anonymous_12)","decl":{"start":{"line":67,"column":20},"end":{"line":67,"column":21}},"loc":{"start":{"line":67,"column":26},"end":{"line":67,"column":37}},"line":67},"13":{"name":"(anonymous_13)","decl":{"start":{"line":69,"column":11},"end":{"line":69,"column":12}},"loc":{"start":{"line":69,"column":17},"end":{"line":69,"column":68}},"line":69}},"branchMap":{"0":{"loc":{"start":{"line":24,"column":31},"end":{"line":24,"column":73}},"type":"binary-expr","locations":[{"start":{"line":24,"column":31},"end":{"line":24,"column":65}},{"start":{"line":24,"column":69},"end":{"line":24,"column":73}}],"line":24},"1":{"loc":{"start":{"line":26,"column":6},"end":{"line":35,"column":7}},"type":"if","locations":[{"start":{"line":26,"column":6},"end":{"line":35,"column":7}},{"start":{},"end":{}}],"line":26},"2":{"loc":{"start":{"line":30,"column":10},"end":{"line":30,"column":46}},"type":"if","locations":[{"start":{"line":30,"column":10},"end":{"line":30,"column":46}},{"start":{},"end":{}}],"line":30},"3":{"loc":{"start":{"line":30,"column":14},"end":{"line":30,"column":36}},"type":"binary-expr","locations":[{"start":{"line":30,"column":14},"end":{"line":30,"column":23}},{"start":{"line":30,"column":27},"end":{"line":30,"column":36}}],"line":30},"4":{"loc":{"start":{"line":31,"column":10},"end":{"line":31,"column":33}},"type":"if","locations":[{"start":{"line":31,"column":10},"end":{"line":31,"column":33}},{"start":{},"end":{}}],"line":31},"5":{"loc":{"start":{"line":32,"column":10},"end":{"line":32,"column":34}},"type":"if","locations":[{"start":{"line":32,"column":10},"end":{"line":32,"column":34}},{"start":{},"end":{}}],"line":32},"6":{"loc":{"start":{"line":40,"column":15},"end":{"line":40,"column":55}},"type":"binary-expr","locations":[{"start":{"line":40,"column":15},"end":{"line":40,"column":25}},{"start":{"line":40,"column":29},"end":{"line":40,"column":55}}],"line":40},"7":{"loc":{"start":{"line":47,"column":4},"end":{"line":47,"column":43}},"type":"if","locations":[{"start":{"line":47,"column":4},"end":{"line":47,"column":43}},{"start":{},"end":{}}],"line":47},"8":{"loc":{"start":{"line":59,"column":38},"end":{"line":59,"column":75}},"type":"cond-expr","locations":[{"start":{"line":59,"column":52},"end":{"line":59,"column":71}},{"start":{"line":59,"column":74},"end":{"line":59,"column":75}}],"line":59}},"s":{"0":8,"1":8,"2":8,"3":8,"4":1,"5":1,"6":0,"7":8,"8":3,"9":3,"10":3,"11":3,"12":3,"13":3,"14":3,"15":0,"16":0,"17":0,"18":0,"19":0,"20":0,"21":0,"22":0,"23":0,"24":0,"25":3,"26":0,"27":0,"28":3,"29":8,"30":1,"31":0,"32":1,"33":1,"34":1,"35":2,"36":1,"37":1,"38":1,"39":8,"40":1,"41":1,"42":1,"43":1,"44":2,"45":0,"46":8,"47":3,"48":3,"49":0,"50":3,"51":3,"52":3,"53":8},"f":{"0":8,"1":1,"2":3,"3":0,"4":1,"5":1,"6":2,"7":1,"8":1,"9":1,"10":2,"11":3,"12":0,"13":3},"b":{"0":[3,3],"1":[0,3],"2":[0,0],"3":[0,0],"4":[0,0],"5":[0,0],"6":[0,0],"7":[0,1],"8":[1,1]},"_coverageSchema":"1a1c01bbd47fc00a2c39e90264f33305004495a9","hash":"2faf39e3d7930ff6a8aecad693dc81296582e14b"}
,"Z:\\PgmApp\\TasksAPI-FrontEnd\\src\\hooks\\useTaskDnD.ts": {"path":"Z:\\PgmApp\\TasksAPI-FrontEnd\\src\\hooks\\useTaskDnD.ts","statementMap":{"0":{"start":{"line":13,"column":18},"end":{"line":13,"column":54}},"1":{"start":{"line":15,"column":24},"end":{"line":26,"column":17}},"2":{"start":{"line":16,"column":29},"end":{"line":16,"column":34}},"3":{"start":{"line":17,"column":4},"end":{"line":17,"column":46}},"4":{"start":{"line":17,"column":40},"end":{"line":17,"column":46}},"5":{"start":{"line":19,"column":4},"end":{"line":25,"column":6}},"6":{"start":{"line":20,"column":23},"end":{"line":20,"column":62}},"7":{"start":{"line":20,"column":43},"end":{"line":20,"column":61}},"8":{"start":{"line":21,"column":23},"end":{"line":21,"column":60}},"9":{"start":{"line":21,"column":43},"end":{"line":21,"column":59}},"10":{"start":{"line":22,"column":21},"end":{"line":22,"column":56}},"11":{"start":{"line":23,"column":6},"end":{"line":23,"column":38}},"12":{"start":{"line":23,"column":32},"end":{"line":23,"column":36}},"13":{"start":{"line":24,"column":6},"end":{"line":24,"column":19}},"14":{"start":{"line":28,"column":2},"end":{"line":28,"column":35}}},"fnMap":{"0":{"name":"useTaskDnD","decl":{"start":{"line":12,"column":16},"end":{"line":12,"column":26}},"loc":{"start":{"line":12,"column":76},"end":{"line":29,"column":1}},"line":12},"1":{"name":"(anonymous_1)","decl":{"start":{"line":15,"column":36},"end":{"line":15,"column":37}},"loc":{"start":{"line":15,"column":61},"end":{"line":26,"column":3}},"line":15},"2":{"name":"(anonymous_2)","decl":{"start":{"line":19,"column":13},"end":{"line":19,"column":14}},"loc":{"start":{"line":19,"column":21},"end":{"line":25,"column":5}},"line":19},"3":{"name":"(anonymous_3)","decl":{"start":{"line":20,"column":38},"end":{"line":20,"column":39}},"loc":{"start":{"line":20,"column":43},"end":{"line":20,"column":61}},"line":20},"4":{"name":"(anonymous_4)","decl":{"start":{"line":21,"column":38},"end":{"line":21,"column":39}},"loc":{"start":{"line":21,"column":43},"end":{"line":21,"column":59}},"line":21},"5":{"name":"(anonymous_5)","decl":{"start":{"line":23,"column":27},"end":{"line":23,"column":28}},"loc":{"start":{"line":23,"column":32},"end":{"line":23,"column":36}},"line":23}},"branchMap":{"0":{"loc":{"start":{"line":17,"column":4},"end":{"line":17,"column":46}},"type":"if","locations":[{"start":{"line":17,"column":4},"end":{"line":17,"column":46}},{"start":{},"end":{}}],"line":17},"1":{"loc":{"start":{"line":17,"column":8},"end":{"line":17,"column":38}},"type":"binary-expr","locations":[{"start":{"line":17,"column":8},"end":{"line":17,"column":13}},{"start":{"line":17,"column":17},"end":{"line":17,"column":38}}],"line":17}},"s":{"0":4,"1":4,"2":3,"3":3,"4":2,"5":1,"6":1,"7":1,"8":1,"9":3,"10":1,"11":1,"12":3,"13":1,"14":4},"f":{"0":4,"1":3,"2":1,"3":1,"4":3,"5":3},"b":{"0":[2,1],"1":[3,2]},"_coverageSchema":"1a1c01bbd47fc00a2c39e90264f33305004495a9","hash":"e6a22e9e92d8c9cf040a0fc8ddc16b671ae32193"}
}
