{"Z:\\PgmApp\\TasksAPI-FrontEnd\\src\\components\\TaskItem.tsx": {"path":"Z:\\PgmApp\\TasksAPI-FrontEnd\\src\\components\\TaskItem.tsx","statementMap":{"0":{"start":{"line":12,"column":0},"end":{"line":12,"column":24}},"1":{"start":{"line":1,"column":0},"end":{"line":1,"column":25}},"2":{"start":{"line":3,"column":0},"end":{"line":3,"column":47}},"3":{"start":{"line":4,"column":0},"end":{"line":4,"column":40}},"4":{"start":{"line":13,"column":71},"end":{"line":13,"column":99}},"5":{"start":{"line":15,"column":16},"end":{"line":18,"column":null}},"6":{"start":{"line":20,"column":21},"end":{"line":20,"column":87}},"7":{"start":{"line":22,"column":2},"end":{"line":62,"column":null}},"8":{"start":{"line":40,"column":25},"end":{"line":40,"column":59}},"9":{"start":{"line":53,"column":25},"end":{"line":53,"column":42}}},"fnMap":{"0":{"name":"TaskItem","decl":{"start":{"line":12,"column":24},"end":{"line":12,"column":32}},"loc":{"start":{"line":12,"column":76},"end":{"line":63,"column":1}}},"1":{"name":"(anonymous_2)","decl":{"start":{"line":40,"column":19},"end":{"line":40,"column":22}},"loc":{"start":{"line":40,"column":25},"end":{"line":40,"column":59}}},"2":{"name":"(anonymous_3)","decl":{"start":{"line":53,"column":19},"end":{"line":53,"column":22}},"loc":{"start":{"line":53,"column":25},"end":{"line":53,"column":42}}}},"branchMap":{"0":{"loc":{"start":{"line":28,"column":50},"end":{"line":28,"column":100}},"type":"cond-expr","locations":[{"start":{"line":28,"column":67},"end":{"line":28,"column":95}},{"start":{"line":28,"column":98},"end":{"line":28,"column":100}}]},"1":{"loc":{"start":{"line":31,"column":11},"end":{"line":31,"column":96}},"type":"binary-expr","locations":[{"start":{"line":31,"column":11},"end":{"line":31,"column":27}},{"start":{"line":31,"column":31},"end":{"line":31,"column":96}}]},"2":{"loc":{"start":{"line":42,"column":12},"end":{"line":44,"column":null}},"type":"cond-expr","locations":[{"start":{"line":43,"column":16},"end":{"line":43,"column":65}},{"start":{"line":44,"column":16},"end":{"line":44,"column":null}}]},"3":{"loc":{"start":{"line":46,"column":22},"end":{"line":46,"column":92}},"type":"cond-expr","locations":[{"start":{"line":46,"column":39},"end":{"line":46,"column":66}},{"start":{"line":46,"column":69},"end":{"line":46,"column":92}}]},"4":{"loc":{"start":{"line":47,"column":17},"end":{"line":47,"column":87}},"type":"cond-expr","locations":[{"start":{"line":47,"column":34},"end":{"line":47,"column":61}},{"start":{"line":47,"column":64},"end":{"line":47,"column":87}}]},"5":{"loc":{"start":{"line":49,"column":11},"end":{"line":49,"column":37}},"type":"cond-expr","locations":[{"start":{"line":49,"column":28},"end":{"line":49,"column":31}},{"start":{"line":49,"column":34},"end":{"line":49,"column":37}}]}},"s":{"0":1,"1":1,"2":1,"3":1,"4":5,"5":5,"6":5,"7":5,"8":1,"9":1},"f":{"0":5,"1":1,"2":1},"b":{"0":[1,4],"1":[5,5],"2":[1,4],"3":[1,4],"4":[1,4],"5":[1,4]}}
,"Z:\\PgmApp\\TasksAPI-FrontEnd\\src\\hooks\\useTaskDnD.ts": {"path":"Z:\\PgmApp\\TasksAPI-FrontEnd\\src\\hooks\\useTaskDnD.ts","statementMap":{"0":{"start":{"line":12,"column":0},"end":{"line":12,"column":16}},"1":{"start":{"line":1,"column":0},"end":{"line":1,"column":35}},"2":{"start":{"line":2,"column":0},"end":{"line":2,"column":99}},"3":{"start":{"line":3,"column":0},"end":{"line":3,"column":45}},"4":{"start":{"line":13,"column":18},"end":{"line":13,"column":54}},"5":{"start":{"line":15,"column":24},"end":{"line":26,"column":17}},"6":{"start":{"line":16,"column":29},"end":{"line":16,"column":34}},"7":{"start":{"line":17,"column":4},"end":{"line":17,"column":46}},"8":{"start":{"line":17,"column":40},"end":{"line":17,"column":46}},"9":{"start":{"line":19,"column":4},"end":{"line":25,"column":null}},"10":{"start":{"line":20,"column":23},"end":{"line":20,"column":62}},"11":{"start":{"line":20,"column":43},"end":{"line":20,"column":61}},"12":{"start":{"line":21,"column":23},"end":{"line":21,"column":60}},"13":{"start":{"line":21,"column":43},"end":{"line":21,"column":59}},"14":{"start":{"line":22,"column":21},"end":{"line":22,"column":56}},"15":{"start":{"line":23,"column":6},"end":{"line":23,"column":null}},"16":{"start":{"line":23,"column":32},"end":{"line":23,"column":36}},"17":{"start":{"line":24,"column":6},"end":{"line":24,"column":null}},"18":{"start":{"line":28,"column":2},"end":{"line":28,"column":null}}},"fnMap":{"0":{"name":"useTaskDnD","decl":{"start":{"line":12,"column":16},"end":{"line":12,"column":26}},"loc":{"start":{"line":12,"column":74},"end":{"line":29,"column":1}}},"1":{"name":"(anonymous_1)","decl":{"start":{"line":15,"column":36},"end":{"line":15,"column":37}},"loc":{"start":{"line":15,"column":60},"end":{"line":26,"column":3}}},"2":{"name":"(anonymous_2)","decl":{"start":{"line":19,"column":13},"end":{"line":19,"column":17}},"loc":{"start":{"line":19,"column":20},"end":{"line":25,"column":5}}},"3":{"name":"(anonymous_3)","decl":{"start":{"line":20,"column":38},"end":{"line":20,"column":39}},"loc":{"start":{"line":20,"column":43},"end":{"line":20,"column":61}}},"4":{"name":"(anonymous_4)","decl":{"start":{"line":21,"column":38},"end":{"line":21,"column":39}},"loc":{"start":{"line":21,"column":43},"end":{"line":21,"column":59}}},"5":{"name":"(anonymous_5)","decl":{"start":{"line":23,"column":27},"end":{"line":23,"column":28}},"loc":{"start":{"line":23,"column":32},"end":{"line":23,"column":36}}}},"branchMap":{"0":{"loc":{"start":{"line":17,"column":4},"end":{"line":17,"column":46}},"type":"if","locations":[{"start":{"line":17,"column":4},"end":{"line":17,"column":46}},{"start":{},"end":{}}]},"1":{"loc":{"start":{"line":17,"column":8},"end":{"line":17,"column":38}},"type":"binary-expr","locations":[{"start":{"line":17,"column":8},"end":{"line":17,"column":13}},{"start":{"line":17,"column":17},"end":{"line":17,"column":38}}]}},"s":{"0":1,"1":1,"2":1,"3":1,"4":4,"5":4,"6":3,"7":3,"8":2,"9":1,"10":1,"11":1,"12":1,"13":3,"14":1,"15":1,"16":3,"17":1,"18":4},"f":{"0":4,"1":3,"2":1,"3":1,"4":3,"5":3},"b":{"0":[2,1],"1":[3,2]}}
}
