TN:
SF:src\components\TaskForm.tsx
FN:4,TaskForm
FN:26,(anonymous_1)
FN:39,(anonymous_2)
FNF:3
FNH:3
FNDA:2,TaskForm
FNDA:1,(anonymous_1)
FNDA:1,(anonymous_2)
DA:13,2
DA:15,2
DA:26,1
DA:39,1
LF:4
LH:4
BRDA:44,0,0,2
BRDA:44,0,1,0
BRDA:53,1,0,2
BRDA:53,1,1,2
BRDA:55,2,0,2
BRDA:55,2,1,0
BRDA:55,3,0,2
BRDA:55,3,1,2
BRDA:60,4,0,0
BRDA:60,4,1,2
BRF:10
BRH:7
end_of_record
TN:
SF:src\components\TaskItem.tsx
FN:12,TaskItem
FN:40,(anonymous_1)
FN:53,(anonymous_2)
FNF:3
FNH:2
FNDA:4,TaskItem
FNDA:0,(anonymous_1)
FNDA:1,(anonymous_2)
DA:13,4
DA:15,4
DA:20,4
DA:22,4
DA:40,0
DA:53,1
LF:6
LH:5
BRDA:28,0,0,1
BRDA:28,0,1,3
BRDA:31,1,0,4
BRDA:31,1,1,4
BRDA:42,2,0,1
BRDA:42,2,1,3
BRDA:46,3,0,1
BRDA:46,3,1,3
BRDA:47,4,0,1
BRDA:47,4,1,3
BRDA:49,5,0,1
BRDA:49,5,1,3
BRF:12
BRH:12
end_of_record
TN:
SF:src\hooks\useCreateTask.ts
FN:4,useCreateTask
FN:8,handleCreateTask
FNF:2
FNH:2
FNDA:5,useCreateTask
FNDA:2,handleCreateTask
DA:5,5
DA:6,5
DA:9,2
DA:10,2
DA:11,2
DA:12,2
DA:13,1
DA:15,1
DA:16,1
DA:18,2
DA:22,5
LF:11
LH:11
BRF:0
BRH:0
end_of_record
TN:
SF:src\hooks\useTask.ts
FN:5,useTasks
FN:10,(anonymous_1)
FN:18,(anonymous_2)
FN:27,(anonymous_3)
FN:46,(anonymous_4)
FN:49,(anonymous_5)
FN:50,(anonymous_6)
FN:51,(anonymous_7)
FN:56,(anonymous_8)
FN:59,(anonymous_9)
FN:59,(anonymous_10)
FN:65,(anonymous_11)
FN:67,(anonymous_12)
FN:69,(anonymous_13)
FNF:14
FNH:12
FNDA:8,useTasks
FNDA:1,(anonymous_1)
FNDA:3,(anonymous_2)
FNDA:0,(anonymous_3)
FNDA:1,(anonymous_4)
FNDA:1,(anonymous_5)
FNDA:2,(anonymous_6)
FNDA:1,(anonymous_7)
FNDA:1,(anonymous_8)
FNDA:1,(anonymous_9)
FNDA:2,(anonymous_10)
FNDA:3,(anonymous_11)
FNDA:0,(anonymous_12)
FNDA:3,(anonymous_13)
DA:6,8
DA:7,8
DA:8,8
DA:10,8
DA:11,1
DA:12,1
DA:14,0
DA:18,8
DA:19,3
DA:20,3
DA:21,3
DA:22,3
DA:23,3
DA:24,3
DA:26,3
DA:27,0
DA:28,0
DA:29,0
DA:30,0
DA:31,0
DA:32,0
DA:33,0
DA:37,3
DA:39,0
DA:40,0
DA:42,3
DA:46,8
DA:47,1
DA:48,1
DA:49,1
DA:50,2
DA:51,1
DA:52,1
DA:56,8
DA:57,1
DA:58,1
DA:59,2
DA:61,0
DA:65,8
DA:66,3
DA:67,3
DA:68,3
DA:69,3
DA:72,8
LF:44
LH:33
BRDA:24,0,0,3
BRDA:24,0,1,3
BRDA:26,1,0,0
BRDA:26,1,1,3
BRDA:30,2,0,0
BRDA:30,2,1,0
BRDA:30,3,0,0
BRDA:30,3,1,0
BRDA:31,4,0,0
BRDA:31,4,1,0
BRDA:32,5,0,0
BRDA:32,5,1,0
BRDA:40,6,0,0
BRDA:40,6,1,0
BRDA:47,7,0,0
BRDA:47,7,1,1
BRDA:59,8,0,1
BRDA:59,8,1,1
BRF:18
BRH:6
end_of_record
TN:
SF:src\hooks\useTaskDnD.ts
FN:12,useTaskDnD
FN:15,(anonymous_1)
FN:19,(anonymous_2)
FN:20,(anonymous_3)
FN:21,(anonymous_4)
FN:23,(anonymous_5)
FNF:6
FNH:6
FNDA:4,useTaskDnD
FNDA:3,(anonymous_1)
FNDA:1,(anonymous_2)
FNDA:1,(anonymous_3)
FNDA:3,(anonymous_4)
FNDA:3,(anonymous_5)
DA:13,4
DA:15,4
DA:16,3
DA:17,3
DA:19,1
DA:20,1
DA:21,3
DA:22,1
DA:23,3
DA:24,1
DA:28,4
LF:11
LH:11
BRDA:17,0,0,2
BRDA:17,0,1,1
BRDA:17,1,0,3
BRDA:17,1,1,2
BRF:4
BRH:4
end_of_record
