TN:
SF:src\components\TaskItem.tsx
FN:12,TaskItem
FN:40,(anonymous_2)
FN:53,(anonymous_3)
FNF:3
FNH:3
FNDA:5,TaskItem
FNDA:1,(anonymous_2)
FNDA:1,(anonymous_3)
DA:1,1
DA:3,1
DA:4,1
DA:12,1
DA:13,5
DA:15,5
DA:20,5
DA:22,5
DA:40,1
DA:53,1
LF:10
LH:10
BRDA:28,0,0,1
BRDA:28,0,1,4
BRDA:31,1,0,5
BRDA:31,1,1,5
BRDA:42,2,0,1
BRDA:42,2,1,4
BRDA:46,3,0,1
BRDA:46,3,1,4
BRDA:47,4,0,1
BRDA:47,4,1,4
BRDA:49,5,0,1
BRDA:49,5,1,4
BRF:12
BRH:12
end_of_record
TN:
SF:src\hooks\useTaskDnD.ts
FN:12,useTaskDnD
FN:15,(anonymous_1)
FN:19,(anonymous_2)
FN:20,(anonymous_3)
FN:21,(anonymous_4)
FN:23,(anonymous_5)
FNF:6
FNH:6
FNDA:4,useTaskDnD
FNDA:3,(anonymous_1)
FNDA:1,(anonymous_2)
FNDA:1,(anonymous_3)
FNDA:3,(anonymous_4)
FNDA:3,(anonymous_5)
DA:1,1
DA:2,1
DA:3,1
DA:12,1
DA:13,4
DA:15,4
DA:16,3
DA:17,3
DA:19,1
DA:20,1
DA:21,3
DA:22,1
DA:23,3
DA:24,1
DA:28,4
LF:15
LH:15
BRDA:17,0,0,2
BRDA:17,0,1,1
BRDA:17,1,0,3
BRDA:17,1,1,2
BRF:4
BRH:4
end_of_record
